INFO [08-24|14:08:43.518] Maximum peer count                       ETH=25 LES=0 total=25
INFO [08-24|14:08:43.532] Starting peer-to-peer node               instance=Geth/v1.8.14-stable/darwin-amd64/go1.10.3
INFO [08-24|14:08:43.532] Allocated cache and file handles         database=/Users/kurisu/develop/golang/src/github.com/ryomak/dapps-example/eth_private_net/geth/chaindata cache=768 handles=1024
INFO [08-24|14:08:43.547] Initialised chain configuration          config="{ChainID: 15 Homestead: <nil> DAO: <nil> DAOSupport: false EIP150: <nil> EIP155: <nil> EIP158: <nil> Byzantium: <nil> Constantinople: <nil> Engine: unknown}"
INFO [08-24|14:08:43.547] Disk storage enabled for ethash caches   dir=/Users/kurisu/develop/golang/src/github.com/ryomak/dapps-example/eth_private_net/geth/ethash count=3
INFO [08-24|14:08:43.547] Disk storage enabled for ethash DAGs     dir=/Users/kurisu/.ethash                                                                        count=2
INFO [08-24|14:08:43.547] Initialising Ethereum protocol           versions="[63 62]" network=15
INFO [08-24|14:08:43.547] Loaded most recent local header          number=0 hash=7b2e8b…7e0432 td=16384
INFO [08-24|14:08:43.547] Loaded most recent local full block      number=0 hash=7b2e8b…7e0432 td=16384
INFO [08-24|14:08:43.547] Loaded most recent local fast block      number=0 hash=7b2e8b…7e0432 td=16384
INFO [08-24|14:08:43.548] Regenerated local transaction journal    transactions=0 accounts=0
INFO [08-24|14:08:43.548] Starting P2P networking 
INFO [08-24|14:08:43.549] RLPx listener up                         self="enode://73f4846cc964a533f28767a15c36fbc0329e6f911dbf8073df64123946360efac22e9cb18024ccd111537e8093b3dde609b8edd0435df1f8512ad322240fb9bb@[::]:30303?discport=0"
INFO [08-24|14:08:43.552] IPC endpoint opened                      url=/Users/kurisu/develop/golang/src/github.com/ryomak/dapps-example/eth_private_net/geth.ipc
INFO [08-24|14:08:48.063] Mapped network port                      proto=tcp extport=30303 intport=30303 interface="UPNP IGDv1-PPP1"
INFO [08-24|14:10:10.645] IPC endpoint closed                      endpoint=/Users/kurisu/develop/golang/src/github.com/ryomak/dapps-example/eth_private_net/geth.ipc
INFO [08-24|14:10:10.645] Blockchain manager stopped 
INFO [08-24|14:10:10.645] Stopping Ethereum protocol 
INFO [08-24|14:10:10.645] Ethereum protocol stopped 
INFO [08-24|14:10:10.645] Transaction pool stopped 
INFO [08-24|14:10:10.646] Database closed                          database=/Users/kurisu/develop/golang/src/github.com/ryomak/dapps-example/eth_private_net/geth/chaindata
INFO [08-24|14:10:39.853] Maximum peer count                       ETH=25 LES=0 total=25
INFO [08-24|14:10:39.863] Starting peer-to-peer node               instance=Geth/v1.8.14-stable/darwin-amd64/go1.10.3
INFO [08-24|14:10:39.863] Allocated cache and file handles         database=/Users/kurisu/develop/golang/src/github.com/ryomak/dapps-example/eth_private_net/geth/chaindata cache=768 handles=1024
INFO [08-24|14:10:39.877] Initialised chain configuration          config="{ChainID: 15 Homestead: <nil> DAO: <nil> DAOSupport: false EIP150: <nil> EIP155: <nil> EIP158: <nil> Byzantium: <nil> Constantinople: <nil> Engine: unknown}"
INFO [08-24|14:10:39.877] Disk storage enabled for ethash caches   dir=/Users/kurisu/develop/golang/src/github.com/ryomak/dapps-example/eth_private_net/geth/ethash count=3
INFO [08-24|14:10:39.877] Disk storage enabled for ethash DAGs     dir=/Users/kurisu/.ethash                                                                        count=2
INFO [08-24|14:10:39.877] Initialising Ethereum protocol           versions="[63 62]" network=15
INFO [08-24|14:10:39.878] Loaded most recent local header          number=0 hash=7b2e8b…7e0432 td=16384
INFO [08-24|14:10:39.878] Loaded most recent local full block      number=0 hash=7b2e8b…7e0432 td=16384
INFO [08-24|14:10:39.878] Loaded most recent local fast block      number=0 hash=7b2e8b…7e0432 td=16384
INFO [08-24|14:10:39.878] Loaded local transaction journal         transactions=0 dropped=0
INFO [08-24|14:10:39.878] Regenerated local transaction journal    transactions=0 accounts=0
INFO [08-24|14:10:39.879] Starting P2P networking 
INFO [08-24|14:10:39.879] RLPx listener up                         self="enode://73f4846cc964a533f28767a15c36fbc0329e6f911dbf8073df64123946360efac22e9cb18024ccd111537e8093b3dde609b8edd0435df1f8512ad322240fb9bb@[::]:30303?discport=0"
INFO [08-24|14:10:39.881] IPC endpoint opened                      url=/Users/kurisu/develop/golang/src/github.com/ryomak/dapps-example/eth_private_net/geth.ipc
INFO [08-24|14:10:42.006] Mapped network port                      proto=tcp extport=30303 intport=30303 interface="UPNP IGDv1-PPP1"
INFO [08-24|14:10:47.893] IPC endpoint closed                      endpoint=/Users/kurisu/develop/golang/src/github.com/ryomak/dapps-example/eth_private_net/geth.ipc
INFO [08-24|14:10:47.893] Blockchain manager stopped 
INFO [08-24|14:10:47.893] Stopping Ethereum protocol 
INFO [08-24|14:10:47.893] Ethereum protocol stopped 
INFO [08-24|14:10:47.893] Transaction pool stopped 
INFO [08-24|14:10:47.893] Database closed                          database=/Users/kurisu/develop/golang/src/github.com/ryomak/dapps-example/eth_private_net/geth/chaindata
INFO [08-24|14:16:27.078] Maximum peer count                       ETH=25 LES=0 total=25
INFO [08-24|14:16:27.089] Starting peer-to-peer node               instance=Geth/v1.8.14-stable/darwin-amd64/go1.10.3
INFO [08-24|14:16:27.089] Allocated cache and file handles         database=/Users/kurisu/develop/golang/src/github.com/ryomak/dapps-example/eth_private_net/geth/chaindata cache=768 handles=1024
INFO [08-24|14:16:27.103] Initialised chain configuration          config="{ChainID: 15 Homestead: <nil> DAO: <nil> DAOSupport: false EIP150: <nil> EIP155: <nil> EIP158: <nil> Byzantium: <nil> Constantinople: <nil> Engine: unknown}"
INFO [08-24|14:16:27.103] Disk storage enabled for ethash caches   dir=/Users/kurisu/develop/golang/src/github.com/ryomak/dapps-example/eth_private_net/geth/ethash count=3
INFO [08-24|14:16:27.103] Disk storage enabled for ethash DAGs     dir=/Users/kurisu/.ethash                                                                        count=2
INFO [08-24|14:16:27.103] Initialising Ethereum protocol           versions="[63 62]" network=15
INFO [08-24|14:16:27.104] Loaded most recent local header          number=0 hash=7b2e8b…7e0432 td=16384
INFO [08-24|14:16:27.104] Loaded most recent local full block      number=0 hash=7b2e8b…7e0432 td=16384
INFO [08-24|14:16:27.104] Loaded most recent local fast block      number=0 hash=7b2e8b…7e0432 td=16384
INFO [08-24|14:16:27.104] Loaded local transaction journal         transactions=0 dropped=0
INFO [08-24|14:16:27.104] Regenerated local transaction journal    transactions=0 accounts=0
INFO [08-24|14:16:27.105] Starting P2P networking 
INFO [08-24|14:16:27.105] RLPx listener up                         self="enode://73f4846cc964a533f28767a15c36fbc0329e6f911dbf8073df64123946360efac22e9cb18024ccd111537e8093b3dde609b8edd0435df1f8512ad322240fb9bb@[::]:30303?discport=0"
INFO [08-24|14:16:27.109] IPC endpoint opened                      url=/Users/kurisu/develop/golang/src/github.com/ryomak/dapps-example/eth_private_net/geth.ipc
INFO [08-24|14:16:29.229] Mapped network port                      proto=tcp extport=30303 intport=30303 interface="UPNP IGDv1-PPP1"
INFO [08-24|14:19:38.583] Updated mining threads                   threads=0
INFO [08-24|14:19:38.583] Transaction pool price threshold updated price=18000000000
INFO [08-24|14:19:38.583] Etherbase automatically configured       address=0xF1D14c7bB9cAa174b41447Ded27242f7f530e4b3
INFO [08-24|14:19:38.584] Commit new mining work                   number=1 uncles=0 txs=0 gas=0 fees=0 elapsed=147.814µs
INFO [08-24|14:19:41.115] Generating DAG in progress               epoch=0 percentage=0 elapsed=1.801s
INFO [08-24|14:19:42.693] Generating DAG in progress               epoch=0 percentage=1 elapsed=3.379s
INFO [08-24|14:19:44.197] Generating DAG in progress               epoch=0 percentage=2 elapsed=4.884s
INFO [08-24|14:19:45.831] Generating DAG in progress               epoch=0 percentage=3 elapsed=6.518s
INFO [08-24|14:19:47.473] Generating DAG in progress               epoch=0 percentage=4 elapsed=8.159s
INFO [08-24|14:19:49.068] Generating DAG in progress               epoch=0 percentage=5 elapsed=9.755s
INFO [08-24|14:19:50.514] Generating DAG in progress               epoch=0 percentage=6 elapsed=11.201s
INFO [08-24|14:19:52.139] Generating DAG in progress               epoch=0 percentage=7 elapsed=12.825s
INFO [08-24|14:19:53.720] Generating DAG in progress               epoch=0 percentage=8 elapsed=14.406s
INFO [08-24|14:19:55.284] Generating DAG in progress               epoch=0 percentage=9 elapsed=15.971s
INFO [08-24|14:19:56.617] Generating DAG in progress               epoch=0 percentage=10 elapsed=17.303s
INFO [08-24|14:19:58.400] Generating DAG in progress               epoch=0 percentage=11 elapsed=19.086s
INFO [08-24|14:19:59.901] Generating DAG in progress               epoch=0 percentage=12 elapsed=20.588s
INFO [08-24|14:20:01.422] Generating DAG in progress               epoch=0 percentage=13 elapsed=22.108s
INFO [08-24|14:20:02.934] Generating DAG in progress               epoch=0 percentage=14 elapsed=23.620s
INFO [08-24|14:20:04.234] Generating DAG in progress               epoch=0 percentage=15 elapsed=24.920s
INFO [08-24|14:20:05.748] Generating DAG in progress               epoch=0 percentage=16 elapsed=26.434s
INFO [08-24|14:20:07.449] Generating DAG in progress               epoch=0 percentage=17 elapsed=28.135s
INFO [08-24|14:20:09.284] Generating DAG in progress               epoch=0 percentage=18 elapsed=29.970s
INFO [08-24|14:20:11.191] Generating DAG in progress               epoch=0 percentage=19 elapsed=31.877s
INFO [08-24|14:20:12.816] Generating DAG in progress               epoch=0 percentage=20 elapsed=33.501s
INFO [08-24|14:20:14.223] Generating DAG in progress               epoch=0 percentage=21 elapsed=34.908s
INFO [08-24|14:20:15.745] Generating DAG in progress               epoch=0 percentage=22 elapsed=36.431s
INFO [08-24|14:20:17.406] Generating DAG in progress               epoch=0 percentage=23 elapsed=38.092s
INFO [08-24|14:20:18.877] Generating DAG in progress               epoch=0 percentage=24 elapsed=39.562s
INFO [08-24|14:20:20.546] Generating DAG in progress               epoch=0 percentage=25 elapsed=41.231s
INFO [08-24|14:20:21.936] Generating DAG in progress               epoch=0 percentage=26 elapsed=42.621s
INFO [08-24|14:20:23.486] Generating DAG in progress               epoch=0 percentage=27 elapsed=44.172s
INFO [08-24|14:20:24.984] Generating DAG in progress               epoch=0 percentage=28 elapsed=45.669s
INFO [08-24|14:20:26.503] Generating DAG in progress               epoch=0 percentage=29 elapsed=47.188s
INFO [08-24|14:20:27.996] Generating DAG in progress               epoch=0 percentage=30 elapsed=48.681s
INFO [08-24|14:20:29.547] Generating DAG in progress               epoch=0 percentage=31 elapsed=50.232s
INFO [08-24|14:20:31.167] Generating DAG in progress               epoch=0 percentage=32 elapsed=51.852s
INFO [08-24|14:20:32.755] Generating DAG in progress               epoch=0 percentage=33 elapsed=53.440s
INFO [08-24|14:20:34.339] Generating DAG in progress               epoch=0 percentage=34 elapsed=55.024s
INFO [08-24|14:20:35.879] Generating DAG in progress               epoch=0 percentage=35 elapsed=56.564s
INFO [08-24|14:20:37.344] Generating DAG in progress               epoch=0 percentage=36 elapsed=58.029s
INFO [08-24|14:20:38.908] Generating DAG in progress               epoch=0 percentage=37 elapsed=59.593s
INFO [08-24|14:20:40.267] Generating DAG in progress               epoch=0 percentage=38 elapsed=1m0.952s
INFO [08-24|14:20:42.026] Generating DAG in progress               epoch=0 percentage=39 elapsed=1m2.710s
INFO [08-24|14:20:43.671] Generating DAG in progress               epoch=0 percentage=40 elapsed=1m4.356s
INFO [08-24|14:20:45.099] Generating DAG in progress               epoch=0 percentage=41 elapsed=1m5.784s
INFO [08-24|14:20:46.950] Generating DAG in progress               epoch=0 percentage=42 elapsed=1m7.634s
INFO [08-24|14:20:48.531] Generating DAG in progress               epoch=0 percentage=43 elapsed=1m9.216s
INFO [08-24|14:20:50.164] Generating DAG in progress               epoch=0 percentage=44 elapsed=1m10.848s
INFO [08-24|14:20:51.751] Generating DAG in progress               epoch=0 percentage=45 elapsed=1m12.436s
INFO [08-24|14:20:53.716] Generating DAG in progress               epoch=0 percentage=46 elapsed=1m14.401s
INFO [08-24|14:20:55.347] Generating DAG in progress               epoch=0 percentage=47 elapsed=1m16.032s
INFO [08-24|14:20:56.793] Generating DAG in progress               epoch=0 percentage=48 elapsed=1m17.477s
INFO [08-24|14:20:58.521] Generating DAG in progress               epoch=0 percentage=49 elapsed=1m19.205s
INFO [08-24|14:21:00.501] Generating DAG in progress               epoch=0 percentage=50 elapsed=1m21.186s
INFO [08-24|14:21:01.913] Generating DAG in progress               epoch=0 percentage=51 elapsed=1m22.597s
INFO [08-24|14:21:03.474] Generating DAG in progress               epoch=0 percentage=52 elapsed=1m24.158s
INFO [08-24|14:21:04.966] Generating DAG in progress               epoch=0 percentage=53 elapsed=1m25.650s
INFO [08-24|14:21:06.427] Generating DAG in progress               epoch=0 percentage=54 elapsed=1m27.111s
INFO [08-24|14:21:08.278] Generating DAG in progress               epoch=0 percentage=55 elapsed=1m28.962s
INFO [08-24|14:21:10.775] Generating DAG in progress               epoch=0 percentage=56 elapsed=1m31.459s
INFO [08-24|14:21:14.100] Generating DAG in progress               epoch=0 percentage=57 elapsed=1m34.784s
INFO [08-24|14:21:16.711] Generating DAG in progress               epoch=0 percentage=58 elapsed=1m37.395s
INFO [08-24|14:21:19.320] Generating DAG in progress               epoch=0 percentage=59 elapsed=1m40.003s
INFO [08-24|14:21:22.269] Generating DAG in progress               epoch=0 percentage=60 elapsed=1m42.952s
INFO [08-24|14:21:24.530] Generating DAG in progress               epoch=0 percentage=61 elapsed=1m45.214s
INFO [08-24|14:21:26.858] Generating DAG in progress               epoch=0 percentage=62 elapsed=1m47.541s
INFO [08-24|14:21:28.879] Generating DAG in progress               epoch=0 percentage=63 elapsed=1m49.563s
INFO [08-24|14:21:30.587] Generating DAG in progress               epoch=0 percentage=64 elapsed=1m51.270s
INFO [08-24|14:21:32.956] Generating DAG in progress               epoch=0 percentage=65 elapsed=1m53.639s
INFO [08-24|14:21:36.174] Generating DAG in progress               epoch=0 percentage=66 elapsed=1m56.857s
INFO [08-24|14:21:39.301] Generating DAG in progress               epoch=0 percentage=67 elapsed=1m59.984s
INFO [08-24|14:21:42.404] Generating DAG in progress               epoch=0 percentage=68 elapsed=2m3.087s
INFO [08-24|14:21:45.567] Generating DAG in progress               epoch=0 percentage=69 elapsed=2m6.250s
INFO [08-24|14:21:48.889] Generating DAG in progress               epoch=0 percentage=70 elapsed=2m9.572s
INFO [08-24|14:21:52.144] Generating DAG in progress               epoch=0 percentage=71 elapsed=2m12.827s
INFO [08-24|14:21:53.717] Generating DAG in progress               epoch=0 percentage=72 elapsed=2m14.399s
INFO [08-24|14:21:56.145] Generating DAG in progress               epoch=0 percentage=73 elapsed=2m16.827s
INFO [08-24|14:21:58.402] Generating DAG in progress               epoch=0 percentage=74 elapsed=2m19.084s
INFO [08-24|14:22:00.929] Generating DAG in progress               epoch=0 percentage=75 elapsed=2m21.612s
INFO [08-24|14:22:02.609] Generating DAG in progress               epoch=0 percentage=76 elapsed=2m23.292s
INFO [08-24|14:22:04.165] Generating DAG in progress               epoch=0 percentage=77 elapsed=2m24.847s
INFO [08-24|14:22:05.930] Generating DAG in progress               epoch=0 percentage=78 elapsed=2m26.613s
INFO [08-24|14:22:08.266] Generating DAG in progress               epoch=0 percentage=79 elapsed=2m28.948s
INFO [08-24|14:22:10.912] Generating DAG in progress               epoch=0 percentage=80 elapsed=2m31.594s
INFO [08-24|14:22:13.711] Generating DAG in progress               epoch=0 percentage=81 elapsed=2m34.393s
INFO [08-24|14:22:15.603] Generating DAG in progress               epoch=0 percentage=82 elapsed=2m36.285s
INFO [08-24|14:22:17.123] Generating DAG in progress               epoch=0 percentage=83 elapsed=2m37.805s
INFO [08-24|14:22:18.480] Generating DAG in progress               epoch=0 percentage=84 elapsed=2m39.161s
INFO [08-24|14:22:19.827] Generating DAG in progress               epoch=0 percentage=85 elapsed=2m40.509s
INFO [08-24|14:22:21.155] Generating DAG in progress               epoch=0 percentage=86 elapsed=2m41.837s
INFO [08-24|14:22:23.542] Generating DAG in progress               epoch=0 percentage=87 elapsed=2m44.224s
INFO [08-24|14:22:26.436] Generating DAG in progress               epoch=0 percentage=88 elapsed=2m47.117s
INFO [08-24|14:22:29.207] Generating DAG in progress               epoch=0 percentage=89 elapsed=2m49.889s
INFO [08-24|14:22:32.341] Generating DAG in progress               epoch=0 percentage=90 elapsed=2m53.023s
INFO [08-24|14:22:36.222] Generating DAG in progress               epoch=0 percentage=91 elapsed=2m56.903s
INFO [08-24|14:22:39.157] Generating DAG in progress               epoch=0 percentage=92 elapsed=2m59.838s
INFO [08-24|14:22:42.635] Generating DAG in progress               epoch=0 percentage=93 elapsed=3m3.316s
INFO [08-24|14:22:47.642] Generating DAG in progress               epoch=0 percentage=94 elapsed=3m8.323s
INFO [08-24|14:22:50.592] Generating DAG in progress               epoch=0 percentage=95 elapsed=3m11.273s
INFO [08-24|14:22:53.094] Generating DAG in progress               epoch=0 percentage=96 elapsed=3m13.775s
INFO [08-24|14:22:55.476] Generating DAG in progress               epoch=0 percentage=97 elapsed=3m16.157s
INFO [08-24|14:22:58.183] Generating DAG in progress               epoch=0 percentage=98 elapsed=3m18.863s
INFO [08-24|14:23:00.978] Generating DAG in progress               epoch=0 percentage=99 elapsed=3m21.659s
INFO [08-24|14:23:00.981] Generated ethash verification cache      epoch=0 elapsed=3m21.661s
INFO [08-24|14:23:07.367] Generating DAG in progress               epoch=1 percentage=0  elapsed=4.603s
INFO [08-24|14:23:15.157] Generating DAG in progress               epoch=1 percentage=1  elapsed=12.393s
INFO [08-24|14:23:16.160] Successfully sealed new block            number=1 hash=b4e7f3…aac4f4 elapsed=3m37.569s
INFO [08-24|14:23:16.300] 🔨 mined potential block                  number=1 hash=b4e7f3…aac4f4
INFO [08-24|14:23:16.300] Commit new mining work                   number=2 uncles=0 txs=0 gas=0 fees=0 elapsed=189.268µs
INFO [08-24|14:23:18.910] Successfully sealed new block            number=2 hash=f76d3a…632b95 elapsed=2.610s
INFO [08-24|14:23:18.911] 🔨 mined potential block                  number=2 hash=f76d3a…632b95
INFO [08-24|14:23:18.911] Commit new mining work                   number=3 uncles=0 txs=0 gas=0 fees=0 elapsed=116.731µs
INFO [08-24|14:23:22.361] Generating DAG in progress               epoch=1 percentage=2  elapsed=19.596s
INFO [08-24|14:23:23.959] Successfully sealed new block            number=3 hash=40d448…5c6104 elapsed=5.048s
INFO [08-24|14:23:23.962] 🔨 mined potential block                  number=3 hash=40d448…5c6104
INFO [08-24|14:23:23.962] Commit new mining work                   number=4 uncles=0 txs=0 gas=0 fees=0 elapsed=152.766µs
INFO [08-24|14:23:25.351] Successfully sealed new block            number=4 hash=03de08…396441 elapsed=1.388s
INFO [08-24|14:23:25.351] 🔨 mined potential block                  number=4 hash=03de08…396441
INFO [08-24|14:23:25.351] Commit new mining work                   number=5 uncles=0 txs=0 gas=0 fees=0 elapsed=131.739µs
INFO [08-24|14:23:25.443] Successfully sealed new block            number=5 hash=bb4eef…ce8776 elapsed=91.456ms
INFO [08-24|14:23:25.443] 🔨 mined potential block                  number=5 hash=bb4eef…ce8776
INFO [08-24|14:23:25.444] Commit new mining work                   number=6 uncles=0 txs=0 gas=0 fees=0 elapsed=146.923µs
INFO [08-24|14:23:28.353] Generating DAG in progress               epoch=1 percentage=3  elapsed=25.588s
INFO [08-24|14:23:33.151] Successfully sealed new block            number=6 hash=eb365d…8f4aea elapsed=7.707s
INFO [08-24|14:23:33.152] 🔗 block reached canonical chain          number=1 hash=b4e7f3…aac4f4
INFO [08-24|14:23:33.152] 🔨 mined potential block                  number=6 hash=eb365d…8f4aea
INFO [08-24|14:23:33.152] Commit new mining work                   number=7 uncles=0 txs=0 gas=0 fees=0 elapsed=106.847µs
INFO [08-24|14:23:34.082] Generating DAG in progress               epoch=1 percentage=4  elapsed=31.317s
INFO [08-24|14:23:34.756] Successfully sealed new block            number=7 hash=0ca1ab…e4b09c elapsed=1.603s
INFO [08-24|14:23:34.757] 🔗 block reached canonical chain          number=2 hash=f76d3a…632b95
INFO [08-24|14:23:34.757] 🔨 mined potential block                  number=7 hash=0ca1ab…e4b09c
INFO [08-24|14:23:34.757] Commit new mining work                   number=8 uncles=0 txs=0 gas=0 fees=0 elapsed=113.268µs
INFO [08-24|14:23:36.292] Successfully sealed new block            number=8 hash=5d6535…aadadd elapsed=1.535s
INFO [08-24|14:23:36.293] 🔗 block reached canonical chain          number=3 hash=40d448…5c6104
INFO [08-24|14:23:36.293] 🔨 mined potential block                  number=8 hash=5d6535…aadadd
INFO [08-24|14:23:36.293] Commit new mining work                   number=9 uncles=0 txs=0 gas=0 fees=0 elapsed=108.194µs
INFO [08-24|14:23:39.226] Successfully sealed new block            number=9 hash=b9e0a5…b3fc9d elapsed=2.932s
INFO [08-24|14:23:39.233] 🔗 block reached canonical chain          number=4 hash=03de08…396441
INFO [08-24|14:23:39.233] 🔨 mined potential block                  number=9 hash=b9e0a5…b3fc9d
INFO [08-24|14:23:39.233] Commit new mining work                   number=10 uncles=0 txs=0 gas=0 fees=0 elapsed=108.225µs
INFO [08-24|14:23:42.614] Generating DAG in progress               epoch=1 percentage=5  elapsed=39.848s
INFO [08-24|14:23:47.572] Successfully sealed new block            number=10 hash=9296a1…e669b4 elapsed=8.338s
INFO [08-24|14:23:47.574] 🔗 block reached canonical chain          number=5  hash=bb4eef…ce8776
INFO [08-24|14:23:47.574] 🔨 mined potential block                  number=10 hash=9296a1…e669b4
INFO [08-24|14:23:47.575] Commit new mining work                   number=11 uncles=0 txs=0 gas=0 fees=0 elapsed=118.979µs
INFO [08-24|14:23:50.477] Generating DAG in progress               epoch=1 percentage=6  elapsed=47.711s
INFO [08-24|14:23:51.912] Successfully sealed new block            number=11 hash=2c5c7c…7b7774 elapsed=4.336s
INFO [08-24|14:23:51.913] 🔗 block reached canonical chain          number=6  hash=eb365d…8f4aea
INFO [08-24|14:23:51.913] 🔨 mined potential block                  number=11 hash=2c5c7c…7b7774
INFO [08-24|14:23:51.913] Commit new mining work                   number=12 uncles=0 txs=0 gas=0 fees=0 elapsed=143.734µs
INFO [08-24|14:23:52.249] Successfully sealed new block            number=12 hash=7d2206…3d89d8 elapsed=335.756ms
INFO [08-24|14:23:52.249] 🔗 block reached canonical chain          number=7  hash=0ca1ab…e4b09c
INFO [08-24|14:23:52.249] 🔨 mined potential block                  number=12 hash=7d2206…3d89d8
INFO [08-24|14:23:52.250] Commit new mining work                   number=13 uncles=0 txs=0 gas=0 fees=0 elapsed=129.811µs
INFO [08-24|14:23:56.486] Successfully sealed new block            number=13 hash=ecb252…569277 elapsed=4.235s
INFO [08-24|14:23:56.489] 🔗 block reached canonical chain          number=8  hash=5d6535…aadadd
INFO [08-24|14:23:56.489] 🔨 mined potential block                  number=13 hash=ecb252…569277
INFO [08-24|14:23:56.489] Commit new mining work                   number=14 uncles=0 txs=0 gas=0 fees=0 elapsed=128.568µs
INFO [08-24|14:23:56.925] Generating DAG in progress               epoch=1 percentage=7  elapsed=54.158s
INFO [08-24|14:23:56.949] Successfully sealed new block            number=14 hash=34e9bb…1020db elapsed=460.452ms
INFO [08-24|14:23:56.950] 🔗 block reached canonical chain          number=9  hash=b9e0a5…b3fc9d
INFO [08-24|14:23:56.950] 🔨 mined potential block                  number=14 hash=34e9bb…1020db
INFO [08-24|14:23:56.950] Commit new mining work                   number=15 uncles=0 txs=0 gas=0 fees=0 elapsed=113.918µs
INFO [08-24|14:23:57.568] Successfully sealed new block            number=15 hash=161c0c…d20cd4 elapsed=617.525ms
INFO [08-24|14:23:57.568] 🔗 block reached canonical chain          number=10 hash=9296a1…e669b4
INFO [08-24|14:23:57.568] 🔨 mined potential block                  number=15 hash=161c0c…d20cd4
INFO [08-24|14:23:57.569] Commit new mining work                   number=16 uncles=0 txs=0 gas=0 fees=0 elapsed=110.476µs
INFO [08-24|14:24:03.277] Generating DAG in progress               epoch=1 percentage=8  elapsed=1m0.511s
INFO [08-24|14:24:03.494] Successfully sealed new block            number=16 hash=5db294…d9c15e elapsed=5.925s
INFO [08-24|14:24:03.495] 🔗 block reached canonical chain          number=11 hash=2c5c7c…7b7774
INFO [08-24|14:24:03.495] 🔨 mined potential block                  number=16 hash=5db294…d9c15e
INFO [08-24|14:24:03.496] Commit new mining work                   number=17 uncles=0 txs=0 gas=0 fees=0 elapsed=134.29µs
INFO [08-24|14:24:03.711] Successfully sealed new block            number=17 hash=e91b40…805745 elapsed=215.603ms
INFO [08-24|14:24:03.712] 🔗 block reached canonical chain          number=12 hash=7d2206…3d89d8
INFO [08-24|14:24:03.712] 🔨 mined potential block                  number=17 hash=e91b40…805745
INFO [08-24|14:24:03.712] Commit new mining work                   number=18 uncles=0 txs=0 gas=0 fees=0 elapsed=121.977µs
INFO [08-24|14:24:08.483] Successfully sealed new block            number=18 hash=78a805…da5f80 elapsed=4.771s
INFO [08-24|14:24:08.484] 🔗 block reached canonical chain          number=13 hash=ecb252…569277
INFO [08-24|14:24:08.484] 🔨 mined potential block                  number=18 hash=78a805…da5f80
INFO [08-24|14:24:08.484] Commit new mining work                   number=19 uncles=0 txs=0 gas=0 fees=0 elapsed=91.573µs
INFO [08-24|14:24:10.495] Successfully sealed new block            number=19 hash=d3479e…538260 elapsed=2.010s
INFO [08-24|14:24:10.495] 🔗 block reached canonical chain          number=14 hash=34e9bb…1020db
INFO [08-24|14:24:10.495] 🔨 mined potential block                  number=19 hash=d3479e…538260
INFO [08-24|14:24:10.495] Commit new mining work                   number=20 uncles=0 txs=0 gas=0 fees=0 elapsed=116.388µs
INFO [08-24|14:24:10.898] Generating DAG in progress               epoch=1 percentage=9  elapsed=1m8.132s
INFO [08-24|14:24:11.135] Successfully sealed new block            number=20 hash=86693c…cdc29b elapsed=639.613ms
INFO [08-24|14:24:11.136] 🔗 block reached canonical chain          number=15 hash=161c0c…d20cd4
INFO [08-24|14:24:11.136] 🔨 mined potential block                  number=20 hash=86693c…cdc29b
INFO [08-24|14:24:11.136] Commit new mining work                   number=21 uncles=0 txs=0 gas=0 fees=0 elapsed=96.386µs
INFO [08-24|14:24:17.047] Generating DAG in progress               epoch=1 percentage=10 elapsed=1m14.281s
INFO [08-24|14:24:27.030] Generating DAG in progress               epoch=1 percentage=11 elapsed=1m24.263s
INFO [08-24|14:24:35.398] Generating DAG in progress               epoch=1 percentage=12 elapsed=1m32.631s
INFO [08-24|14:24:39.054] Successfully sealed new block            number=21 hash=d6cae2…dfb2bf elapsed=27.917s
INFO [08-24|14:24:39.055] 🔗 block reached canonical chain          number=16 hash=5db294…d9c15e
INFO [08-24|14:24:39.055] 🔨 mined potential block                  number=21 hash=d6cae2…dfb2bf
INFO [08-24|14:24:39.055] Commit new mining work                   number=22 uncles=0 txs=0 gas=0 fees=0 elapsed=120.392µs
INFO [08-24|14:24:43.140] Generating DAG in progress               epoch=1 percentage=13 elapsed=1m40.372s
INFO [08-24|14:24:47.188] Successfully sealed new block            number=22 hash=288344…1dd8c2 elapsed=8.133s
INFO [08-24|14:24:47.189] 🔗 block reached canonical chain          number=17 hash=e91b40…805745
INFO [08-24|14:24:47.189] 🔨 mined potential block                  number=22 hash=288344…1dd8c2
INFO [08-24|14:24:47.201] Commit new mining work                   number=23 uncles=0 txs=0 gas=0 fees=0 elapsed=125.104µs
INFO [08-24|14:24:48.963] Successfully sealed new block            number=23 hash=b71538…faaeca elapsed=1.761s
INFO [08-24|14:24:48.978] 🔗 block reached canonical chain          number=18 hash=78a805…da5f80
INFO [08-24|14:24:48.978] 🔨 mined potential block                  number=23 hash=b71538…faaeca
INFO [08-24|14:24:48.978] Commit new mining work                   number=24 uncles=0 txs=0 gas=0 fees=0 elapsed=133.428µs
INFO [08-24|14:24:50.047] Generating DAG in progress               epoch=1 percentage=14 elapsed=1m47.279s
INFO [08-24|14:24:51.145] Successfully sealed new block            number=24 hash=d8ddf5…ba8f74 elapsed=2.166s
INFO [08-24|14:24:51.145] 🔗 block reached canonical chain          number=19 hash=d3479e…538260
INFO [08-24|14:24:51.145] 🔨 mined potential block                  number=24 hash=d8ddf5…ba8f74
INFO [08-24|14:24:51.146] Commit new mining work                   number=25 uncles=0 txs=0 gas=0 fees=0 elapsed=108.033µs
INFO [08-24|14:24:52.511] Successfully sealed new block            number=25 hash=80333e…4cd3a4 elapsed=1.365s
INFO [08-24|14:24:52.512] 🔗 block reached canonical chain          number=20 hash=86693c…cdc29b
INFO [08-24|14:24:52.512] 🔨 mined potential block                  number=25 hash=80333e…4cd3a4
INFO [08-24|14:24:52.512] Commit new mining work                   number=26 uncles=0 txs=0 gas=0 fees=0 elapsed=131.016µs
INFO [08-24|14:24:54.178] Successfully sealed new block            number=26 hash=e3c648…e6fd1a elapsed=1.665s
INFO [08-24|14:24:54.178] 🔗 block reached canonical chain          number=21 hash=d6cae2…dfb2bf
INFO [08-24|14:24:54.178] 🔨 mined potential block                  number=26 hash=e3c648…e6fd1a
INFO [08-24|14:24:54.178] Commit new mining work                   number=27 uncles=0 txs=0 gas=0 fees=0 elapsed=120.379µs
INFO [08-24|14:24:54.377] Successfully sealed new block            number=27 hash=9c9152…2be4ca elapsed=198.659ms
INFO [08-24|14:24:54.378] 🔗 block reached canonical chain          number=22 hash=288344…1dd8c2
INFO [08-24|14:24:54.378] 🔨 mined potential block                  number=27 hash=9c9152…2be4ca
INFO [08-24|14:24:54.378] Commit new mining work                   number=28 uncles=0 txs=0 gas=0 fees=0 elapsed=136.548µs
INFO [08-24|14:24:55.431] Successfully sealed new block            number=28 hash=721463…ba5775 elapsed=1.052s
INFO [08-24|14:24:55.432] 🔗 block reached canonical chain          number=23 hash=b71538…faaeca
INFO [08-24|14:24:55.432] 🔨 mined potential block                  number=28 hash=721463…ba5775
INFO [08-24|14:24:55.432] Commit new mining work                   number=29 uncles=0 txs=0 gas=0 fees=0 elapsed=122.548µs
INFO [08-24|14:24:55.743] Generating DAG in progress               epoch=1 percentage=15 elapsed=1m52.975s
INFO [08-24|14:24:55.782] Successfully sealed new block            number=29 hash=eebd43…7b972f elapsed=350.366ms
INFO [08-24|14:24:55.783] 🔗 block reached canonical chain          number=24 hash=d8ddf5…ba8f74
INFO [08-24|14:24:55.783] 🔨 mined potential block                  number=29 hash=eebd43…7b972f
INFO [08-24|14:24:55.783] Mining too far in the future             wait=2s
INFO [08-24|14:24:57.784] Commit new mining work                   number=30 uncles=0 txs=0 gas=0 fees=0 elapsed=2.000s
INFO [08-24|14:24:58.564] Generating DAG in progress               epoch=1 percentage=16 elapsed=1m55.796s
INFO [08-24|14:25:00.173] Successfully sealed new block            number=30 hash=d69f61…e00429 elapsed=2.388s
INFO [08-24|14:25:00.173] 🔗 block reached canonical chain          number=25 hash=80333e…4cd3a4
INFO [08-24|14:25:00.174] 🔨 mined potential block                  number=30 hash=d69f61…e00429
INFO [08-24|14:25:00.174] Commit new mining work                   number=31 uncles=0 txs=0 gas=0 fees=0 elapsed=108.327µs
INFO [08-24|14:25:01.829] Successfully sealed new block            number=31 hash=146af2…3161f8 elapsed=1.654s
INFO [08-24|14:25:01.829] 🔗 block reached canonical chain          number=26 hash=e3c648…e6fd1a
INFO [08-24|14:25:01.829] 🔨 mined potential block                  number=31 hash=146af2…3161f8
INFO [08-24|14:25:01.829] Commit new mining work                   number=32 uncles=0 txs=0 gas=0 fees=0 elapsed=96.705µs
INFO [08-24|14:25:03.105] Generating DAG in progress               epoch=1 percentage=17 elapsed=2m0.337s
INFO [08-24|14:25:06.847] Successfully sealed new block            number=32 hash=a315c5…e61c89 elapsed=5.018s
INFO [08-24|14:25:06.861] 🔗 block reached canonical chain          number=27 hash=9c9152…2be4ca
INFO [08-24|14:25:06.861] 🔨 mined potential block                  number=32 hash=a315c5…e61c89
INFO [08-24|14:25:06.861] Commit new mining work                   number=33 uncles=0 txs=0 gas=0 fees=0 elapsed=116.161µs
INFO [08-24|14:25:07.159] Successfully sealed new block            number=33 hash=a062cf…b171e7 elapsed=298.225ms
INFO [08-24|14:25:07.160] 🔗 block reached canonical chain          number=28 hash=721463…ba5775
INFO [08-24|14:25:07.160] 🔨 mined potential block                  number=33 hash=a062cf…b171e7
INFO [08-24|14:25:07.160] Commit new mining work                   number=34 uncles=0 txs=0 gas=0 fees=0 elapsed=115.919µs
INFO [08-24|14:25:07.830] Generating DAG in progress               epoch=1 percentage=18 elapsed=2m5.062s
INFO [08-24|14:25:07.857] Successfully sealed new block            number=34 hash=69ca7b…f98c01 elapsed=696.830ms
INFO [08-24|14:25:07.858] 🔗 block reached canonical chain          number=29 hash=eebd43…7b972f
INFO [08-24|14:25:07.858] 🔨 mined potential block                  number=34 hash=69ca7b…f98c01
INFO [08-24|14:25:07.858] Commit new mining work                   number=35 uncles=0 txs=0 gas=0 fees=0 elapsed=117.028µs
INFO [08-24|14:25:12.719] Generating DAG in progress               epoch=1 percentage=19 elapsed=2m9.951s
INFO [08-24|14:25:17.482] Generating DAG in progress               epoch=1 percentage=20 elapsed=2m14.714s
INFO [08-24|14:25:20.090] Successfully sealed new block            number=35 hash=704a48…6a5cd1 elapsed=12.232s
INFO [08-24|14:25:20.093] 🔗 block reached canonical chain          number=30 hash=d69f61…e00429
INFO [08-24|14:25:20.093] 🔨 mined potential block                  number=35 hash=704a48…6a5cd1
INFO [08-24|14:25:20.093] Commit new mining work                   number=36 uncles=0 txs=0 gas=0 fees=0 elapsed=124.274µs
INFO [08-24|14:25:20.938] Successfully sealed new block            number=36 hash=789e9b…47f604 elapsed=845.249ms
INFO [08-24|14:25:20.939] 🔗 block reached canonical chain          number=31 hash=146af2…3161f8
INFO [08-24|14:25:20.939] 🔨 mined potential block                  number=36 hash=789e9b…47f604
INFO [08-24|14:25:20.939] Commit new mining work                   number=37 uncles=0 txs=0 gas=0 fees=0 elapsed=122.534µs
INFO [08-24|14:25:22.241] Generating DAG in progress               epoch=1 percentage=21 elapsed=2m19.472s
INFO [08-24|14:25:26.373] Successfully sealed new block            number=37 hash=8041f8…c9c578 elapsed=5.433s
INFO [08-24|14:25:26.374] 🔗 block reached canonical chain          number=32 hash=a315c5…e61c89
INFO [08-24|14:25:26.374] 🔨 mined potential block                  number=37 hash=8041f8…c9c578
INFO [08-24|14:25:26.374] Commit new mining work                   number=38 uncles=0 txs=0 gas=0 fees=0 elapsed=97.526µs
INFO [08-24|14:25:26.731] Generating DAG in progress               epoch=1 percentage=22 elapsed=2m23.962s
INFO [08-24|14:25:29.008] Successfully sealed new block            number=38 hash=b74ded…4ee974 elapsed=2.633s
INFO [08-24|14:25:29.009] 🔗 block reached canonical chain          number=33 hash=a062cf…b171e7
INFO [08-24|14:25:29.009] 🔨 mined potential block                  number=38 hash=b74ded…4ee974
INFO [08-24|14:25:29.031] Commit new mining work                   number=39 uncles=0 txs=0 gas=0 fees=0 elapsed=152.776µs
INFO [08-24|14:25:29.739] Successfully sealed new block            number=39 hash=72eb16…450ba6 elapsed=707.265ms
INFO [08-24|14:25:29.740] 🔗 block reached canonical chain          number=34 hash=69ca7b…f98c01
INFO [08-24|14:25:29.740] 🔨 mined potential block                  number=39 hash=72eb16…450ba6
INFO [08-24|14:25:29.740] Commit new mining work                   number=40 uncles=0 txs=0 gas=0 fees=0 elapsed=123.062µs
INFO [08-24|14:25:31.382] Successfully sealed new block            number=40 hash=418d45…2e84ed elapsed=1.641s
INFO [08-24|14:25:31.382] 🔗 block reached canonical chain          number=35 hash=704a48…6a5cd1
INFO [08-24|14:25:31.383] 🔨 mined potential block                  number=40 hash=418d45…2e84ed
INFO [08-24|14:25:31.383] Commit new mining work                   number=41 uncles=0 txs=0 gas=0 fees=0 elapsed=154.244µs
INFO [08-24|14:25:32.070] Generating DAG in progress               epoch=1 percentage=23 elapsed=2m29.301s
INFO [08-24|14:25:33.845] Successfully sealed new block            number=41 hash=e44722…52aed3 elapsed=2.462s
INFO [08-24|14:25:33.846] 🔗 block reached canonical chain          number=36 hash=789e9b…47f604
INFO [08-24|14:25:33.846] 🔨 mined potential block                  number=41 hash=e44722…52aed3
INFO [08-24|14:25:33.846] Commit new mining work                   number=42 uncles=0 txs=0 gas=0 fees=0 elapsed=119.855µs
INFO [08-24|14:25:35.883] Successfully sealed new block            number=42 hash=f73a31…c4f579 elapsed=2.037s
INFO [08-24|14:25:35.885] 🔗 block reached canonical chain          number=37 hash=8041f8…c9c578
INFO [08-24|14:25:35.885] 🔨 mined potential block                  number=42 hash=f73a31…c4f579
INFO [08-24|14:25:35.886] Commit new mining work                   number=43 uncles=0 txs=0 gas=0 fees=0 elapsed=90.726µs
INFO [08-24|14:25:36.275] Generating DAG in progress               epoch=1 percentage=24 elapsed=2m33.506s
INFO [08-24|14:25:36.818] Successfully sealed new block            number=43 hash=bc2a62…85ea1a elapsed=932.803ms
INFO [08-24|14:25:36.819] 🔗 block reached canonical chain          number=38 hash=b74ded…4ee974
INFO [08-24|14:25:36.819] 🔨 mined potential block                  number=43 hash=bc2a62…85ea1a
INFO [08-24|14:25:36.819] Commit new mining work                   number=44 uncles=0 txs=0 gas=0 fees=0 elapsed=112.379µs
INFO [08-24|14:25:41.123] Successfully sealed new block            number=44 hash=d592a7…9b7b8e elapsed=4.303s
INFO [08-24|14:25:41.124] 🔗 block reached canonical chain          number=39 hash=72eb16…450ba6
INFO [08-24|14:25:41.124] 🔨 mined potential block                  number=44 hash=d592a7…9b7b8e
INFO [08-24|14:25:41.148] Commit new mining work                   number=45 uncles=0 txs=0 gas=0 fees=0 elapsed=832.685µs
INFO [08-24|14:25:41.167] Generating DAG in progress               epoch=1 percentage=25 elapsed=2m38.398s
INFO [08-24|14:25:45.266] Generating DAG in progress               epoch=1 percentage=26 elapsed=2m42.497s
INFO [08-24|14:25:46.241] Successfully sealed new block            number=45 hash=eaf39d…96f595 elapsed=5.092s
INFO [08-24|14:25:46.241] 🔗 block reached canonical chain          number=40 hash=418d45…2e84ed
INFO [08-24|14:25:46.242] 🔨 mined potential block                  number=45 hash=eaf39d…96f595
INFO [08-24|14:25:46.242] Commit new mining work                   number=46 uncles=0 txs=0 gas=0 fees=0 elapsed=119.4µs
INFO [08-24|14:25:46.883] Successfully sealed new block            number=46 hash=0484fc…cf6083 elapsed=641.026ms
INFO [08-24|14:25:46.883] 🔗 block reached canonical chain          number=41 hash=e44722…52aed3
INFO [08-24|14:25:46.883] 🔨 mined potential block                  number=46 hash=0484fc…cf6083
INFO [08-24|14:25:46.884] Commit new mining work                   number=47 uncles=0 txs=0 gas=0 fees=0 elapsed=121.107µs
INFO [08-24|14:25:47.720] Successfully sealed new block            number=47 hash=71a996…668ead elapsed=835.987ms
INFO [08-24|14:25:47.720] 🔗 block reached canonical chain          number=42 hash=f73a31…c4f579
INFO [08-24|14:25:47.720] 🔨 mined potential block                  number=47 hash=71a996…668ead
INFO [08-24|14:25:47.722] Commit new mining work                   number=48 uncles=0 txs=0 gas=0 fees=0 elapsed=1.559ms
INFO [08-24|14:25:48.869] Generating DAG in progress               epoch=1 percentage=27 elapsed=2m46.100s
INFO [08-24|14:25:51.414] Successfully sealed new block            number=48 hash=669063…62b859 elapsed=3.692s
INFO [08-24|14:25:51.418] 🔗 block reached canonical chain          number=43 hash=bc2a62…85ea1a
INFO [08-24|14:25:51.418] 🔨 mined potential block                  number=48 hash=669063…62b859
INFO [08-24|14:25:51.418] Commit new mining work                   number=49 uncles=0 txs=0 gas=0 fees=0 elapsed=107.769µs
INFO [08-24|14:25:52.572] Generating DAG in progress               epoch=1 percentage=28 elapsed=2m49.803s
INFO [08-24|14:25:52.865] Successfully sealed new block            number=49 hash=c5e6a9…a64ec7 elapsed=1.447s
INFO [08-24|14:25:52.868] 🔗 block reached canonical chain          number=44 hash=d592a7…9b7b8e
INFO [08-24|14:25:52.868] 🔨 mined potential block                  number=49 hash=c5e6a9…a64ec7
INFO [08-24|14:25:52.868] Commit new mining work                   number=50 uncles=0 txs=0 gas=0 fees=0 elapsed=119.085µs
INFO [08-24|14:25:53.805] Successfully sealed new block            number=50 hash=831458…9e1ef4 elapsed=937.649ms
INFO [08-24|14:25:53.806] 🔗 block reached canonical chain          number=45 hash=eaf39d…96f595
INFO [08-24|14:25:53.806] 🔨 mined potential block                  number=50 hash=831458…9e1ef4
INFO [08-24|14:25:53.806] Commit new mining work                   number=51 uncles=0 txs=0 gas=0 fees=0 elapsed=109.573µs
INFO [08-24|14:25:55.450] Successfully sealed new block            number=51 hash=2b3d0e…52dc3f elapsed=1.644s
INFO [08-24|14:25:55.457] 🔗 block reached canonical chain          number=46 hash=0484fc…cf6083
INFO [08-24|14:25:55.457] 🔨 mined potential block                  number=51 hash=2b3d0e…52dc3f
INFO [08-24|14:25:55.457] Commit new mining work                   number=52 uncles=0 txs=0 gas=0 fees=0 elapsed=118.172µs
INFO [08-24|14:25:56.000] Generating DAG in progress               epoch=1 percentage=29 elapsed=2m53.230s
INFO [08-24|14:25:57.996] Successfully sealed new block            number=52 hash=184628…6e2487 elapsed=2.538s
INFO [08-24|14:25:57.997] 🔗 block reached canonical chain          number=47 hash=71a996…668ead
INFO [08-24|14:25:57.997] 🔨 mined potential block                  number=52 hash=184628…6e2487
INFO [08-24|14:25:57.998] Commit new mining work                   number=53 uncles=0 txs=0 gas=0 fees=0 elapsed=149.211µs
INFO [08-24|14:25:59.963] Successfully sealed new block            number=53 hash=a5762f…bb9464 elapsed=1.965s
INFO [08-24|14:25:59.964] 🔗 block reached canonical chain          number=48 hash=669063…62b859
INFO [08-24|14:25:59.964] 🔨 mined potential block                  number=53 hash=a5762f…bb9464
INFO [08-24|14:25:59.964] Commit new mining work                   number=54 uncles=0 txs=0 gas=0 fees=0 elapsed=128.31µs
INFO [08-24|14:26:00.729] Generating DAG in progress               epoch=1 percentage=30 elapsed=2m57.959s
INFO [08-24|14:26:04.965] Successfully sealed new block            number=54 hash=d9d876…907165 elapsed=5.000s
INFO [08-24|14:26:04.965] 🔗 block reached canonical chain          number=49 hash=c5e6a9…a64ec7
INFO [08-24|14:26:04.965] 🔨 mined potential block                  number=54 hash=d9d876…907165
INFO [08-24|14:26:04.966] Commit new mining work                   number=55 uncles=0 txs=0 gas=0 fees=0 elapsed=117.136µs
INFO [08-24|14:26:05.811] Successfully sealed new block            number=55 hash=989b95…9b9747 elapsed=845.089ms
INFO [08-24|14:26:05.811] 🔗 block reached canonical chain          number=50 hash=831458…9e1ef4
INFO [08-24|14:26:05.811] 🔨 mined potential block                  number=55 hash=989b95…9b9747
INFO [08-24|14:26:05.812] Commit new mining work                   number=56 uncles=0 txs=0 gas=0 fees=0 elapsed=129.516µs
INFO [08-24|14:26:07.627] Generating DAG in progress               epoch=1 percentage=31 elapsed=3m4.857s
INFO [08-24|14:26:08.754] Successfully sealed new block            number=56 hash=ccdac8…0391e1 elapsed=2.942s
INFO [08-24|14:26:08.755] 🔗 block reached canonical chain          number=51 hash=2b3d0e…52dc3f
INFO [08-24|14:26:08.755] 🔨 mined potential block                  number=56 hash=ccdac8…0391e1
INFO [08-24|14:26:08.755] Commit new mining work                   number=57 uncles=0 txs=0 gas=0 fees=0 elapsed=119.162µs
INFO [08-24|14:26:14.737] Generating DAG in progress               epoch=1 percentage=32 elapsed=3m11.967s
INFO [08-24|14:26:22.618] Successfully sealed new block            number=57 hash=f1fe1f…3768d9 elapsed=13.863s
INFO [08-24|14:26:22.620] 🔗 block reached canonical chain          number=52 hash=184628…6e2487
INFO [08-24|14:26:22.620] 🔨 mined potential block                  number=57 hash=f1fe1f…3768d9
INFO [08-24|14:26:22.620] Commit new mining work                   number=58 uncles=0 txs=0 gas=0 fees=0 elapsed=123.431µs
INFO [08-24|14:26:22.908] Generating DAG in progress               epoch=1 percentage=33 elapsed=3m20.138s
INFO [08-24|14:26:27.252] Successfully sealed new block            number=58 hash=10a34b…15c02b elapsed=4.632s
INFO [08-24|14:26:27.253] 🔗 block reached canonical chain          number=53 hash=a5762f…bb9464
INFO [08-24|14:26:27.253] 🔨 mined potential block                  number=58 hash=10a34b…15c02b
INFO [08-24|14:26:27.253] Commit new mining work                   number=59 uncles=0 txs=0 gas=0 fees=0 elapsed=105.959µs
INFO [08-24|14:26:29.837] Generating DAG in progress               epoch=1 percentage=34 elapsed=3m27.066s
INFO [08-24|14:26:31.262] Successfully sealed new block            number=59 hash=7bb96f…c53282 elapsed=4.008s
INFO [08-24|14:26:31.262] 🔗 block reached canonical chain          number=54 hash=d9d876…907165
INFO [08-24|14:26:31.262] 🔨 mined potential block                  number=59 hash=7bb96f…c53282
INFO [08-24|14:26:31.263] Commit new mining work                   number=60 uncles=0 txs=0 gas=0 fees=0 elapsed=117.798µs
INFO [08-24|14:26:35.649] Successfully sealed new block            number=60 hash=28c290…e6d57c elapsed=4.386s
INFO [08-24|14:26:35.649] 🔗 block reached canonical chain          number=55 hash=989b95…9b9747
INFO [08-24|14:26:35.649] 🔨 mined potential block                  number=60 hash=28c290…e6d57c
INFO [08-24|14:26:35.650] Commit new mining work                   number=61 uncles=0 txs=0 gas=0 fees=0 elapsed=696.123µs
INFO [08-24|14:26:36.688] Generating DAG in progress               epoch=1 percentage=35 elapsed=3m33.917s
INFO [08-24|14:26:44.313] Generating DAG in progress               epoch=1 percentage=36 elapsed=3m41.542s
INFO [08-24|14:26:44.966] Successfully sealed new block            number=61 hash=ed0f97…cea17a elapsed=9.315s
INFO [08-24|14:26:44.967] 🔗 block reached canonical chain          number=56 hash=ccdac8…0391e1
INFO [08-24|14:26:44.967] 🔨 mined potential block                  number=61 hash=ed0f97…cea17a
INFO [08-24|14:26:44.968] Commit new mining work                   number=62 uncles=0 txs=0 gas=0 fees=0 elapsed=172.149µs
INFO [08-24|14:26:49.788] Successfully sealed new block            number=62 hash=d7769f…6135df elapsed=4.820s
INFO [08-24|14:26:49.789] 🔗 block reached canonical chain          number=57 hash=f1fe1f…3768d9
INFO [08-24|14:26:49.789] 🔨 mined potential block                  number=62 hash=d7769f…6135df
INFO [08-24|14:26:49.790] Commit new mining work                   number=63 uncles=0 txs=0 gas=0 fees=0 elapsed=114.199µs
INFO [08-24|14:26:50.736] Successfully sealed new block            number=63 hash=47eff6…18ec9a elapsed=946.366ms
INFO [08-24|14:26:50.773] 🔗 block reached canonical chain          number=58 hash=10a34b…15c02b
INFO [08-24|14:26:50.773] 🔨 mined potential block                  number=63 hash=47eff6…18ec9a
INFO [08-24|14:26:50.773] Commit new mining work                   number=64 uncles=0 txs=0 gas=0 fees=0 elapsed=121.941µs
INFO [08-24|14:26:51.464] Generating DAG in progress               epoch=1 percentage=37 elapsed=3m48.693s
INFO [08-24|14:26:51.667] Successfully sealed new block            number=64 hash=202f50…0dd30e elapsed=894.437ms
INFO [08-24|14:26:51.694] 🔗 block reached canonical chain          number=59 hash=7bb96f…c53282
INFO [08-24|14:26:51.694] 🔨 mined potential block                  number=64 hash=202f50…0dd30e
INFO [08-24|14:26:51.695] Commit new mining work                   number=65 uncles=0 txs=0 gas=0 fees=0 elapsed=164.721µs
INFO [08-24|14:26:57.233] Successfully sealed new block            number=65 hash=aab60c…6a193e elapsed=5.538s
INFO [08-24|14:26:57.234] 🔗 block reached canonical chain          number=60 hash=28c290…e6d57c
INFO [08-24|14:26:57.234] 🔨 mined potential block                  number=65 hash=aab60c…6a193e
INFO [08-24|14:26:57.234] Commit new mining work                   number=66 uncles=0 txs=0 gas=0 fees=0 elapsed=95.532µs
INFO [08-24|14:26:58.654] Generating DAG in progress               epoch=1 percentage=38 elapsed=3m55.882s
INFO [08-24|14:26:59.412] Successfully sealed new block            number=66 hash=a750b3…e1ff92 elapsed=2.177s
INFO [08-24|14:26:59.412] 🔗 block reached canonical chain          number=61 hash=ed0f97…cea17a
INFO [08-24|14:26:59.412] 🔨 mined potential block                  number=66 hash=a750b3…e1ff92
INFO [08-24|14:26:59.412] Commit new mining work                   number=67 uncles=0 txs=0 gas=0 fees=0 elapsed=121.428µs
INFO [08-24|14:27:01.472] Successfully sealed new block            number=67 hash=6fa038…3604f6 elapsed=2.059s
INFO [08-24|14:27:01.476] 🔗 block reached canonical chain          number=62 hash=d7769f…6135df
INFO [08-24|14:27:01.476] 🔨 mined potential block                  number=67 hash=6fa038…3604f6
INFO [08-24|14:27:01.476] Commit new mining work                   number=68 uncles=0 txs=0 gas=0 fees=0 elapsed=128.307µs
INFO [08-24|14:27:03.940] Successfully sealed new block            number=68 hash=ce3dbc…c55dc5 elapsed=2.464s
INFO [08-24|14:27:03.941] 🔗 block reached canonical chain          number=63 hash=47eff6…18ec9a
INFO [08-24|14:27:03.941] 🔨 mined potential block                  number=68 hash=ce3dbc…c55dc5
INFO [08-24|14:27:03.941] Commit new mining work                   number=69 uncles=0 txs=0 gas=0 fees=0 elapsed=110.169µs
INFO [08-24|14:27:05.410] Generating DAG in progress               epoch=1 percentage=39 elapsed=4m2.638s
INFO [08-24|14:27:06.483] Successfully sealed new block            number=69 hash=7e4e96…4a3b59 elapsed=2.541s
INFO [08-24|14:27:06.484] 🔗 block reached canonical chain          number=64 hash=202f50…0dd30e
INFO [08-24|14:27:06.484] 🔨 mined potential block                  number=69 hash=7e4e96…4a3b59
INFO [08-24|14:27:06.484] Commit new mining work                   number=70 uncles=0 txs=0 gas=0 fees=0 elapsed=126.713µs
INFO [08-24|14:27:07.238] Successfully sealed new block            number=70 hash=5e690f…f94ec9 elapsed=754.366ms
INFO [08-24|14:27:07.239] 🔗 block reached canonical chain          number=65 hash=aab60c…6a193e
INFO [08-24|14:27:07.239] 🔨 mined potential block                  number=70 hash=5e690f…f94ec9
INFO [08-24|14:27:07.239] Commit new mining work                   number=71 uncles=0 txs=0 gas=0 fees=0 elapsed=140.928µs
INFO [08-24|14:27:08.407] Successfully sealed new block            number=71 hash=fdd695…97ce8c elapsed=1.167s
INFO [08-24|14:27:08.407] 🔗 block reached canonical chain          number=66 hash=a750b3…e1ff92
INFO [08-24|14:27:08.407] 🔨 mined potential block                  number=71 hash=fdd695…97ce8c
INFO [08-24|14:27:08.407] Commit new mining work                   number=72 uncles=0 txs=0 gas=0 fees=0 elapsed=99.446µs
INFO [08-24|14:27:12.220] Generating DAG in progress               epoch=1 percentage=40 elapsed=4m9.448s
INFO [08-24|14:27:19.330] Generating DAG in progress               epoch=1 percentage=41 elapsed=4m16.558s
INFO [08-24|14:27:25.714] Generating DAG in progress               epoch=1 percentage=42 elapsed=4m22.941s
INFO [08-24|14:27:28.781] Successfully sealed new block            number=72 hash=97ff26…edd98a elapsed=20.373s
INFO [08-24|14:27:28.781] 🔗 block reached canonical chain          number=67 hash=6fa038…3604f6
INFO [08-24|14:27:28.782] 🔨 mined potential block                  number=72 hash=97ff26…edd98a
INFO [08-24|14:27:28.782] Commit new mining work                   number=73 uncles=0 txs=0 gas=0 fees=0 elapsed=91.934µs
INFO [08-24|14:27:31.765] Generating DAG in progress               epoch=1 percentage=43 elapsed=4m28.993s
INFO [08-24|14:27:34.428] Successfully sealed new block            number=73 hash=3eed4c…85b9f6 elapsed=5.645s
INFO [08-24|14:27:34.428] 🔗 block reached canonical chain          number=68 hash=ce3dbc…c55dc5
INFO [08-24|14:27:34.428] 🔨 mined potential block                  number=73 hash=3eed4c…85b9f6
INFO [08-24|14:27:34.429] Commit new mining work                   number=74 uncles=0 txs=0 gas=0 fees=0 elapsed=114.937µs
INFO [08-24|14:27:35.693] Successfully sealed new block            number=74 hash=70eaa6…506a1f elapsed=1.264s
INFO [08-24|14:27:35.693] 🔗 block reached canonical chain          number=69 hash=7e4e96…4a3b59
INFO [08-24|14:27:35.693] 🔨 mined potential block                  number=74 hash=70eaa6…506a1f
INFO [08-24|14:27:35.712] Commit new mining work                   number=75 uncles=0 txs=0 gas=0 fees=0 elapsed=131.859µs
INFO [08-24|14:27:37.795] Generating DAG in progress               epoch=1 percentage=44 elapsed=4m35.022s
INFO [08-24|14:27:38.765] Successfully sealed new block            number=75 hash=64a3ab…98ce08 elapsed=3.053s
INFO [08-24|14:27:38.766] 🔗 block reached canonical chain          number=70 hash=5e690f…f94ec9
INFO [08-24|14:27:38.766] 🔨 mined potential block                  number=75 hash=64a3ab…98ce08
INFO [08-24|14:27:38.766] Commit new mining work                   number=76 uncles=0 txs=0 gas=0 fees=0 elapsed=120.073µs
INFO [08-24|14:27:39.006] Successfully sealed new block            number=76 hash=9319ee…a45aa7 elapsed=239.675ms
INFO [08-24|14:27:39.006] 🔗 block reached canonical chain          number=71 hash=fdd695…97ce8c
INFO [08-24|14:27:39.006] 🔨 mined potential block                  number=76 hash=9319ee…a45aa7
INFO [08-24|14:27:39.007] Commit new mining work                   number=77 uncles=0 txs=0 gas=0 fees=0 elapsed=110.385µs
INFO [08-24|14:27:39.628] Successfully sealed new block            number=77 hash=00be1a…b24090 elapsed=621.607ms
INFO [08-24|14:27:39.629] 🔗 block reached canonical chain          number=72 hash=97ff26…edd98a
INFO [08-24|14:27:39.629] 🔨 mined potential block                  number=77 hash=00be1a…b24090
INFO [08-24|14:27:39.629] Commit new mining work                   number=78 uncles=0 txs=0 gas=0 fees=0 elapsed=127.525µs
INFO [08-24|14:27:42.150] Successfully sealed new block            number=78 hash=6ebec1…6ce580 elapsed=2.520s
INFO [08-24|14:27:42.150] 🔗 block reached canonical chain          number=73 hash=3eed4c…85b9f6
INFO [08-24|14:27:42.150] 🔨 mined potential block                  number=78 hash=6ebec1…6ce580
INFO [08-24|14:27:42.151] Commit new mining work                   number=79 uncles=0 txs=0 gas=0 fees=0 elapsed=110.052µs
INFO [08-24|14:27:42.278] Successfully sealed new block            number=79 hash=de19ce…3e10d7 elapsed=127.379ms
INFO [08-24|14:27:42.279] 🔗 block reached canonical chain          number=74 hash=70eaa6…506a1f
INFO [08-24|14:27:42.279] 🔨 mined potential block                  number=79 hash=de19ce…3e10d7
INFO [08-24|14:27:42.279] Commit new mining work                   number=80 uncles=0 txs=0 gas=0 fees=0 elapsed=118.416µs
INFO [08-24|14:27:42.968] Successfully sealed new block            number=80 hash=4cfd14…5156f3 elapsed=688.935ms
INFO [08-24|14:27:42.969] 🔗 block reached canonical chain          number=75 hash=64a3ab…98ce08
INFO [08-24|14:27:42.969] 🔨 mined potential block                  number=80 hash=4cfd14…5156f3
INFO [08-24|14:27:42.969] Mining too far in the future             wait=2s
INFO [08-24|14:27:43.167] Generating DAG in progress               epoch=1 percentage=45 elapsed=4m40.394s
INFO [08-24|14:27:44.978] Commit new mining work                   number=81 uncles=0 txs=0 gas=0 fees=0 elapsed=2.009s
INFO [08-24|14:27:47.151] Successfully sealed new block            number=81 hash=45e59f…136671 elapsed=2.172s
INFO [08-24|14:27:47.153] 🔗 block reached canonical chain          number=76 hash=9319ee…a45aa7
INFO [08-24|14:27:47.153] 🔨 mined potential block                  number=81 hash=45e59f…136671
INFO [08-24|14:27:47.154] Commit new mining work                   number=82 uncles=0 txs=0 gas=0 fees=0 elapsed=129.093µs
INFO [08-24|14:27:47.243] Generating DAG in progress               epoch=1 percentage=46 elapsed=4m44.470s
INFO [08-24|14:27:48.161] Successfully sealed new block            number=82 hash=bc3b37…0ddef1 elapsed=1.006s
INFO [08-24|14:27:48.161] 🔗 block reached canonical chain          number=77 hash=00be1a…b24090
INFO [08-24|14:27:48.161] 🔨 mined potential block                  number=82 hash=bc3b37…0ddef1
INFO [08-24|14:27:48.162] Commit new mining work                   number=83 uncles=0 txs=0 gas=0 fees=0 elapsed=125.065µs
INFO [08-24|14:27:48.386] Successfully sealed new block            number=83 hash=83c04d…5a1aff elapsed=224.933ms
INFO [08-24|14:27:48.387] 🔗 block reached canonical chain          number=78 hash=6ebec1…6ce580
INFO [08-24|14:27:48.387] 🔨 mined potential block                  number=83 hash=83c04d…5a1aff
INFO [08-24|14:27:48.387] Commit new mining work                   number=84 uncles=0 txs=0 gas=0 fees=0 elapsed=119.326µs
INFO [08-24|14:27:53.751] Generating DAG in progress               epoch=1 percentage=47 elapsed=4m50.978s
INFO [08-24|14:28:00.489] Generating DAG in progress               epoch=1 percentage=48 elapsed=4m57.715s
INFO [08-24|14:28:01.153] Successfully sealed new block            number=84 hash=343fdd…abc3fe elapsed=12.765s
INFO [08-24|14:28:01.154] 🔗 block reached canonical chain          number=79 hash=de19ce…3e10d7
INFO [08-24|14:28:01.154] 🔨 mined potential block                  number=84 hash=343fdd…abc3fe
INFO [08-24|14:28:01.154] Commit new mining work                   number=85 uncles=0 txs=0 gas=0 fees=0 elapsed=106.67µs
INFO [08-24|14:28:06.035] Generating DAG in progress               epoch=1 percentage=49 elapsed=5m3.261s
INFO [08-24|14:28:11.371] Successfully sealed new block            number=85 hash=426fc1…564c41 elapsed=10.216s
INFO [08-24|14:28:11.372] 🔗 block reached canonical chain          number=80 hash=4cfd14…5156f3
INFO [08-24|14:28:11.372] 🔨 mined potential block                  number=85 hash=426fc1…564c41
INFO [08-24|14:28:11.372] Commit new mining work                   number=86 uncles=0 txs=0 gas=0 fees=0 elapsed=127.311µs
INFO [08-24|14:28:12.129] Successfully sealed new block            number=86 hash=26cd76…8d0342 elapsed=757.136ms
INFO [08-24|14:28:12.130] 🔗 block reached canonical chain          number=81 hash=45e59f…136671
INFO [08-24|14:28:12.130] 🔨 mined potential block                  number=86 hash=26cd76…8d0342
INFO [08-24|14:28:12.167] Commit new mining work                   number=87 uncles=0 txs=0 gas=0 fees=0 elapsed=148.372µs
INFO [08-24|14:28:12.674] Successfully sealed new block            number=87 hash=1ab385…d5dd54 elapsed=507.445ms
INFO [08-24|14:28:12.675] 🔗 block reached canonical chain          number=82 hash=bc3b37…0ddef1
INFO [08-24|14:28:12.675] 🔨 mined potential block                  number=87 hash=1ab385…d5dd54
INFO [08-24|14:28:12.675] Commit new mining work                   number=88 uncles=0 txs=0 gas=0 fees=0 elapsed=130.994µs
INFO [08-24|14:28:12.809] Generating DAG in progress               epoch=1 percentage=50 elapsed=5m10.036s
INFO [08-24|14:28:13.587] Successfully sealed new block            number=88 hash=46a736…ce74c9 elapsed=912.194ms
INFO [08-24|14:28:13.588] 🔗 block reached canonical chain          number=83 hash=83c04d…5a1aff
INFO [08-24|14:28:13.588] 🔨 mined potential block                  number=88 hash=46a736…ce74c9
INFO [08-24|14:28:13.588] Commit new mining work                   number=89 uncles=0 txs=0 gas=0 fees=0 elapsed=116.094µs
INFO [08-24|14:28:14.697] Successfully sealed new block            number=89 hash=7d6f74…b90b98 elapsed=1.108s
INFO [08-24|14:28:14.697] 🔗 block reached canonical chain          number=84 hash=343fdd…abc3fe
INFO [08-24|14:28:14.697] 🔨 mined potential block                  number=89 hash=7d6f74…b90b98
INFO [08-24|14:28:14.697] Commit new mining work                   number=90 uncles=0 txs=0 gas=0 fees=0 elapsed=111.497µs
INFO [08-24|14:28:17.057] Successfully sealed new block            number=90 hash=3b6193…8b1a2f elapsed=2.359s
INFO [08-24|14:28:17.058] 🔗 block reached canonical chain          number=85 hash=426fc1…564c41
INFO [08-24|14:28:17.058] 🔨 mined potential block                  number=90 hash=3b6193…8b1a2f
INFO [08-24|14:28:17.058] Commit new mining work                   number=91 uncles=0 txs=0 gas=0 fees=0 elapsed=91.066µs
INFO [08-24|14:28:19.795] Generating DAG in progress               epoch=1 percentage=51 elapsed=5m17.021s
INFO [08-24|14:28:24.815] Successfully sealed new block            number=91 hash=2ae385…5066c1 elapsed=7.756s
INFO [08-24|14:28:24.815] 🔗 block reached canonical chain          number=86 hash=26cd76…8d0342
INFO [08-24|14:28:24.815] 🔨 mined potential block                  number=91 hash=2ae385…5066c1
INFO [08-24|14:28:24.816] Commit new mining work                   number=92 uncles=0 txs=0 gas=0 fees=0 elapsed=116.165µs
INFO [08-24|14:28:26.143] Generating DAG in progress               epoch=1 percentage=52 elapsed=5m23.369s
INFO [08-24|14:28:26.781] Successfully sealed new block            number=92 hash=20e829…191820 elapsed=1.965s
INFO [08-24|14:28:26.783] 🔗 block reached canonical chain          number=87 hash=1ab385…d5dd54
INFO [08-24|14:28:26.783] 🔨 mined potential block                  number=92 hash=20e829…191820
INFO [08-24|14:28:26.784] Commit new mining work                   number=93 uncles=0 txs=0 gas=0 fees=0 elapsed=113.254µs
INFO [08-24|14:28:31.352] Successfully sealed new block            number=93 hash=a623fc…2e4016 elapsed=4.568s
INFO [08-24|14:28:31.353] 🔗 block reached canonical chain          number=88 hash=46a736…ce74c9
INFO [08-24|14:28:31.353] 🔨 mined potential block                  number=93 hash=a623fc…2e4016
INFO [08-24|14:28:31.353] Commit new mining work                   number=94 uncles=0 txs=0 gas=0 fees=0 elapsed=115.126µs
INFO [08-24|14:28:31.977] Successfully sealed new block            number=94 hash=1d9c2b…85e152 elapsed=624.039ms
INFO [08-24|14:28:31.978] 🔗 block reached canonical chain          number=89 hash=7d6f74…b90b98
INFO [08-24|14:28:31.978] 🔨 mined potential block                  number=94 hash=1d9c2b…85e152
INFO [08-24|14:28:31.978] Commit new mining work                   number=95 uncles=0 txs=0 gas=0 fees=0 elapsed=106.445µs
INFO [08-24|14:28:31.982] Generating DAG in progress               epoch=1 percentage=53 elapsed=5m29.208s
INFO [08-24|14:28:38.094] Successfully sealed new block            number=95 hash=a8ed69…91bdb4 elapsed=6.115s
INFO [08-24|14:28:38.097] 🔗 block reached canonical chain          number=90 hash=3b6193…8b1a2f
INFO [08-24|14:28:38.097] 🔨 mined potential block                  number=95 hash=a8ed69…91bdb4
INFO [08-24|14:28:38.097] Commit new mining work                   number=96 uncles=0 txs=0 gas=0 fees=0 elapsed=123.931µs
INFO [08-24|14:28:38.173] Generating DAG in progress               epoch=1 percentage=54 elapsed=5m35.399s
INFO [08-24|14:28:39.090] Successfully sealed new block            number=96 hash=f4ccac…2cc61b elapsed=992.646ms
INFO [08-24|14:28:39.090] 🔗 block reached canonical chain          number=91 hash=2ae385…5066c1
INFO [08-24|14:28:39.090] 🔨 mined potential block                  number=96 hash=f4ccac…2cc61b
INFO [08-24|14:28:39.091] Commit new mining work                   number=97 uncles=0 txs=0 gas=0 fees=0 elapsed=126.534µs
INFO [08-24|14:28:45.477] Generating DAG in progress               epoch=1 percentage=55 elapsed=5m42.702s
INFO [08-24|14:28:50.603] Successfully sealed new block            number=97 hash=9302ec…0fcc89 elapsed=11.512s
INFO [08-24|14:28:50.606] 🔗 block reached canonical chain          number=92 hash=20e829…191820
INFO [08-24|14:28:50.606] 🔨 mined potential block                  number=97 hash=9302ec…0fcc89
INFO [08-24|14:28:50.606] Commit new mining work                   number=98 uncles=0 txs=0 gas=0 fees=0 elapsed=132.13µs
INFO [08-24|14:28:53.870] Generating DAG in progress               epoch=1 percentage=56 elapsed=5m51.095s
INFO [08-24|14:28:54.703] Successfully sealed new block            number=98 hash=e52fb6…4ddb11 elapsed=4.097s
INFO [08-24|14:28:54.704] 🔗 block reached canonical chain          number=93 hash=a623fc…2e4016
INFO [08-24|14:28:54.704] 🔨 mined potential block                  number=98 hash=e52fb6…4ddb11
INFO [08-24|14:28:54.704] Commit new mining work                   number=99 uncles=0 txs=0 gas=0 fees=0 elapsed=104.054µs
INFO [08-24|14:28:59.489] Successfully sealed new block            number=99 hash=32f851…798534 elapsed=4.784s
INFO [08-24|14:28:59.490] 🔗 block reached canonical chain          number=94 hash=1d9c2b…85e152
INFO [08-24|14:28:59.490] 🔨 mined potential block                  number=99 hash=32f851…798534
INFO [08-24|14:28:59.490] Commit new mining work                   number=100 uncles=0 txs=0 gas=0 fees=0 elapsed=113.807µs
INFO [08-24|14:29:00.941] Generating DAG in progress               epoch=1 percentage=57 elapsed=5m58.166s
INFO [08-24|14:29:08.312] Generating DAG in progress               epoch=1 percentage=58 elapsed=6m5.537s
INFO [08-24|14:29:14.818] Generating DAG in progress               epoch=1 percentage=59 elapsed=6m12.043s
INFO [08-24|14:29:18.810] Successfully sealed new block            number=100 hash=d66ba5…812a1c elapsed=19.319s
INFO [08-24|14:29:18.828] 🔗 block reached canonical chain          number=95  hash=a8ed69…91bdb4
INFO [08-24|14:29:18.828] 🔨 mined potential block                  number=100 hash=d66ba5…812a1c
INFO [08-24|14:29:18.828] Commit new mining work                   number=101 uncles=0 txs=0 gas=0 fees=0 elapsed=153.25µs
INFO [08-24|14:29:21.385] Successfully sealed new block            number=101 hash=7b029a…eebd92 elapsed=2.556s
INFO [08-24|14:29:21.392] 🔗 block reached canonical chain          number=96  hash=f4ccac…2cc61b
INFO [08-24|14:29:21.392] 🔨 mined potential block                  number=101 hash=7b029a…eebd92
INFO [08-24|14:29:21.393] Commit new mining work                   number=102 uncles=0 txs=0 gas=0 fees=0 elapsed=132.203µs
INFO [08-24|14:29:21.445] Generating DAG in progress               epoch=1 percentage=60 elapsed=6m18.669s
INFO [08-24|14:29:24.694] Successfully sealed new block            number=102 hash=7572bd…323309 elapsed=3.301s
INFO [08-24|14:29:24.696] 🔗 block reached canonical chain          number=97  hash=9302ec…0fcc89
INFO [08-24|14:29:24.696] 🔨 mined potential block                  number=102 hash=7572bd…323309
INFO [08-24|14:29:24.696] Commit new mining work                   number=103 uncles=0 txs=0 gas=0 fees=0 elapsed=111.753µs
INFO [08-24|14:29:28.336] Generating DAG in progress               epoch=1 percentage=61 elapsed=6m25.560s
INFO [08-24|14:29:33.024] Successfully sealed new block            number=103 hash=1a2d50…a23a0a elapsed=8.327s
INFO [08-24|14:29:33.026] 🔗 block reached canonical chain          number=98  hash=e52fb6…4ddb11
INFO [08-24|14:29:33.026] 🔨 mined potential block                  number=103 hash=1a2d50…a23a0a
INFO [08-24|14:29:33.027] Commit new mining work                   number=104 uncles=0 txs=0 gas=0 fees=0 elapsed=100.441µs
INFO [08-24|14:29:34.869] Generating DAG in progress               epoch=1 percentage=62 elapsed=6m32.093s
INFO [08-24|14:29:38.010] Successfully sealed new block            number=104 hash=2b3270…64691e elapsed=4.983s
INFO [08-24|14:29:38.011] 🔗 block reached canonical chain          number=99  hash=32f851…798534
INFO [08-24|14:29:38.011] 🔨 mined potential block                  number=104 hash=2b3270…64691e
INFO [08-24|14:29:38.011] Commit new mining work                   number=105 uncles=0 txs=0 gas=0 fees=0 elapsed=136.84µs
INFO [08-24|14:29:45.223] Generating DAG in progress               epoch=1 percentage=63 elapsed=6m42.447s
INFO [08-24|14:29:56.979] Generating DAG in progress               epoch=1 percentage=64 elapsed=6m54.203s
INFO [08-24|14:29:59.332] Successfully sealed new block            number=105 hash=f6c278…7b9f69 elapsed=21.319s
INFO [08-24|14:29:59.333] 🔗 block reached canonical chain          number=100 hash=d66ba5…812a1c
INFO [08-24|14:29:59.333] 🔨 mined potential block                  number=105 hash=f6c278…7b9f69
INFO [08-24|14:29:59.333] Commit new mining work                   number=106 uncles=0 txs=0 gas=0 fees=0 elapsed=165.274µs
INFO [08-24|14:30:00.577] Successfully sealed new block            number=106 hash=c40970…d614b5 elapsed=1.241s
INFO [08-24|14:30:00.578] 🔗 block reached canonical chain          number=101 hash=7b029a…eebd92
INFO [08-24|14:30:00.579] 🔨 mined potential block                  number=106 hash=c40970…d614b5
INFO [08-24|14:30:00.579] Commit new mining work                   number=107 uncles=0 txs=0 gas=0 fees=0 elapsed=165.851µs
INFO [08-24|14:30:10.390] Generating DAG in progress               epoch=1 percentage=65 elapsed=7m7.613s
INFO [08-24|14:30:21.985] Generating DAG in progress               epoch=1 percentage=66 elapsed=7m19.208s
INFO [08-24|14:30:25.579] Successfully sealed new block            number=107 hash=b1b9d3…d6ba2c elapsed=24.998s
INFO [08-24|14:30:25.580] 🔗 block reached canonical chain          number=102 hash=7572bd…323309
INFO [08-24|14:30:25.580] 🔨 mined potential block                  number=107 hash=b1b9d3…d6ba2c
INFO [08-24|14:30:25.580] Commit new mining work                   number=108 uncles=0 txs=0 gas=0 fees=0 elapsed=130.971µs
INFO [08-24|14:30:25.891] Successfully sealed new block            number=108 hash=ee1554…d2538c elapsed=310.724ms
INFO [08-24|14:30:25.891] 🔗 block reached canonical chain          number=103 hash=1a2d50…a23a0a
INFO [08-24|14:30:25.891] 🔨 mined potential block                  number=108 hash=ee1554…d2538c
INFO [08-24|14:30:25.892] Commit new mining work                   number=109 uncles=0 txs=0 gas=0 fees=0 elapsed=120.511µs
INFO [08-24|14:30:26.030] Successfully sealed new block            number=109 hash=bcfa98…257ce4 elapsed=138.572ms
INFO [08-24|14:30:26.031] 🔗 block reached canonical chain          number=104 hash=2b3270…64691e
INFO [08-24|14:30:26.031] 🔨 mined potential block                  number=109 hash=bcfa98…257ce4
INFO [08-24|14:30:26.031] Commit new mining work                   number=110 uncles=0 txs=0 gas=0 fees=0 elapsed=133.209µs
INFO [08-24|14:30:28.218] Generating DAG in progress               epoch=1 percentage=67 elapsed=7m25.440s
INFO [08-24|14:30:32.337] Successfully sealed new block            number=110 hash=4c04b6…33f0cc elapsed=6.306s
INFO [08-24|14:30:32.365] 🔗 block reached canonical chain          number=105 hash=f6c278…7b9f69
INFO [08-24|14:30:32.365] 🔨 mined potential block                  number=110 hash=4c04b6…33f0cc
INFO [08-24|14:30:32.366] Commit new mining work                   number=111 uncles=0 txs=0 gas=0 fees=0 elapsed=382.665µs
INFO [08-24|14:30:32.929] Successfully sealed new block            number=111 hash=159927…ab9a28 elapsed=562.948ms
INFO [08-24|14:30:32.929] 🔗 block reached canonical chain          number=106 hash=c40970…d614b5
INFO [08-24|14:30:32.929] 🔨 mined potential block                  number=111 hash=159927…ab9a28
INFO [08-24|14:30:32.929] Commit new mining work                   number=112 uncles=0 txs=0 gas=0 fees=0 elapsed=146.927µs
INFO [08-24|14:30:34.732] Generating DAG in progress               epoch=1 percentage=68 elapsed=7m31.954s
INFO [08-24|14:30:35.112] Successfully sealed new block            number=112 hash=ce05b1…93ad53 elapsed=2.182s
INFO [08-24|14:30:35.112] 🔗 block reached canonical chain          number=107 hash=b1b9d3…d6ba2c
INFO [08-24|14:30:35.113] 🔨 mined potential block                  number=112 hash=ce05b1…93ad53
INFO [08-24|14:30:35.113] Commit new mining work                   number=113 uncles=0 txs=0 gas=0 fees=0 elapsed=118.199µs
INFO [08-24|14:30:41.146] Successfully sealed new block            number=113 hash=f20bbf…e6c1a1 elapsed=6.033s
INFO [08-24|14:30:41.151] 🔗 block reached canonical chain          number=108 hash=ee1554…d2538c
INFO [08-24|14:30:41.151] 🔨 mined potential block                  number=113 hash=f20bbf…e6c1a1
INFO [08-24|14:30:41.151] Commit new mining work                   number=114 uncles=0 txs=0 gas=0 fees=0 elapsed=123.577µs
INFO [08-24|14:30:41.448] Generating DAG in progress               epoch=1 percentage=69 elapsed=7m38.670s
INFO [08-24|14:30:42.803] Successfully sealed new block            number=114 hash=6c87d9…f0e3a8 elapsed=1.651s
INFO [08-24|14:30:42.804] 🔗 block reached canonical chain          number=109 hash=bcfa98…257ce4
INFO [08-24|14:30:42.804] 🔨 mined potential block                  number=114 hash=6c87d9…f0e3a8
INFO [08-24|14:30:42.804] Commit new mining work                   number=115 uncles=0 txs=0 gas=0 fees=0 elapsed=124.242µs
INFO [08-24|14:30:44.219] Successfully sealed new block            number=115 hash=36ce55…932fea elapsed=1.414s
INFO [08-24|14:30:44.261] 🔗 block reached canonical chain          number=110 hash=4c04b6…33f0cc
INFO [08-24|14:30:44.261] 🔨 mined potential block                  number=115 hash=36ce55…932fea
INFO [08-24|14:30:44.261] Commit new mining work                   number=116 uncles=0 txs=0 gas=0 fees=0 elapsed=126.823µs
INFO [08-24|14:30:45.727] Successfully sealed new block            number=116 hash=1d4395…400276 elapsed=1.465s
INFO [08-24|14:30:45.727] 🔗 block reached canonical chain          number=111 hash=159927…ab9a28
INFO [08-24|14:30:45.728] 🔨 mined potential block                  number=116 hash=1d4395…400276
INFO [08-24|14:30:45.728] Commit new mining work                   number=117 uncles=0 txs=0 gas=0 fees=0 elapsed=131.282µs
INFO [08-24|14:30:48.230] Generating DAG in progress               epoch=1 percentage=70 elapsed=7m45.451s
INFO [08-24|14:30:48.818] Successfully sealed new block            number=117 hash=d12536…516336 elapsed=3.090s
INFO [08-24|14:30:48.818] 🔗 block reached canonical chain          number=112 hash=ce05b1…93ad53
INFO [08-24|14:30:48.819] 🔨 mined potential block                  number=117 hash=d12536…516336
INFO [08-24|14:30:48.819] Commit new mining work                   number=118 uncles=0 txs=0 gas=0 fees=0 elapsed=116.889µs
INFO [08-24|14:30:54.504] Generating DAG in progress               epoch=1 percentage=71 elapsed=7m51.726s
INFO [08-24|14:31:01.388] Generating DAG in progress               epoch=1 percentage=72 elapsed=7m58.609s
INFO [08-24|14:31:02.800] Successfully sealed new block            number=118 hash=f296ec…9f3eb2 elapsed=13.980s
INFO [08-24|14:31:02.801] 🔗 block reached canonical chain          number=113 hash=f20bbf…e6c1a1
INFO [08-24|14:31:02.801] 🔨 mined potential block                  number=118 hash=f296ec…9f3eb2
INFO [08-24|14:31:02.801] Commit new mining work                   number=119 uncles=0 txs=0 gas=0 fees=0 elapsed=110.973µs
INFO [08-24|14:31:03.924] Successfully sealed new block            number=119 hash=c62177…7ae2bd elapsed=1.123s
INFO [08-24|14:31:03.925] 🔗 block reached canonical chain          number=114 hash=6c87d9…f0e3a8
INFO [08-24|14:31:03.925] 🔨 mined potential block                  number=119 hash=c62177…7ae2bd
INFO [08-24|14:31:03.925] Commit new mining work                   number=120 uncles=0 txs=0 gas=0 fees=0 elapsed=104.907µs
INFO [08-24|14:31:04.267] Successfully sealed new block            number=120 hash=35b646…dde2cc elapsed=342.134ms
INFO [08-24|14:31:04.268] 🔗 block reached canonical chain          number=115 hash=36ce55…932fea
INFO [08-24|14:31:04.268] 🔨 mined potential block                  number=120 hash=35b646…dde2cc
INFO [08-24|14:31:04.268] Commit new mining work                   number=121 uncles=0 txs=0 gas=0 fees=0 elapsed=105.412µs
INFO [08-24|14:31:06.437] Successfully sealed new block            number=121 hash=dbe2e6…0d86c3 elapsed=2.168s
INFO [08-24|14:31:06.439] 🔗 block reached canonical chain          number=116 hash=1d4395…400276
INFO [08-24|14:31:06.439] 🔨 mined potential block                  number=121 hash=dbe2e6…0d86c3
INFO [08-24|14:31:06.439] Commit new mining work                   number=122 uncles=0 txs=0 gas=0 fees=0 elapsed=105.328µs
INFO [08-24|14:31:07.287] Generating DAG in progress               epoch=1 percentage=73 elapsed=8m4.508s
INFO [08-24|14:31:13.192] Generating DAG in progress               epoch=1 percentage=74 elapsed=8m10.413s
INFO [08-24|14:31:18.374] Successfully sealed new block            number=122 hash=445001…d9442a elapsed=11.934s
INFO [08-24|14:31:18.375] 🔗 block reached canonical chain          number=117 hash=d12536…516336
INFO [08-24|14:31:18.375] 🔨 mined potential block                  number=122 hash=445001…d9442a
INFO [08-24|14:31:18.375] Commit new mining work                   number=123 uncles=0 txs=0 gas=0 fees=0 elapsed=116.378µs
INFO [08-24|14:31:21.277] Generating DAG in progress               epoch=1 percentage=75 elapsed=8m18.498s
INFO [08-24|14:31:28.212] Generating DAG in progress               epoch=1 percentage=76 elapsed=8m25.432s
INFO [08-24|14:31:28.665] Successfully sealed new block            number=123 hash=ce6cc6…a9fca8 elapsed=10.290s
INFO [08-24|14:31:28.667] 🔗 block reached canonical chain          number=118 hash=f296ec…9f3eb2
INFO [08-24|14:31:28.667] 🔨 mined potential block                  number=123 hash=ce6cc6…a9fca8
INFO [08-24|14:31:28.668] Commit new mining work                   number=124 uncles=0 txs=0 gas=0 fees=0 elapsed=115.561µs
INFO [08-24|14:31:28.969] Successfully sealed new block            number=124 hash=504e0c…331cc0 elapsed=300.944ms
INFO [08-24|14:31:28.969] 🔗 block reached canonical chain          number=119 hash=c62177…7ae2bd
INFO [08-24|14:31:28.969] 🔨 mined potential block                  number=124 hash=504e0c…331cc0
INFO [08-24|14:31:28.969] Commit new mining work                   number=125 uncles=0 txs=0 gas=0 fees=0 elapsed=117.611µs
INFO [08-24|14:31:33.811] Generating DAG in progress               epoch=1 percentage=77 elapsed=8m31.031s
INFO [08-24|14:31:35.090] IPC endpoint closed                      endpoint=/Users/kurisu/develop/golang/src/github.com/ryomak/dapps-example/eth_private_net/geth.ipc
INFO [08-24|14:31:35.090] Writing cached state to disk             block=124 hash=504e0c…331cc0 root=1516b1…d84db7
INFO [08-24|14:31:35.091] Persisted trie from memory database      nodes=1 size=149.00B time=1.027423ms gcnodes=0 gcsize=0.00B gctime=0s livenodes=124 livesize=18.32kB
INFO [08-24|14:31:35.091] Writing cached state to disk             block=123 hash=ce6cc6…a9fca8 root=29ff3d…855461
INFO [08-24|14:31:35.091] Persisted trie from memory database      nodes=1 size=149.00B time=41.407µs   gcnodes=0 gcsize=0.00B gctime=0s livenodes=123 livesize=18.18kB
INFO [08-24|14:31:35.092] Blockchain manager stopped 
INFO [08-24|14:31:35.092] Stopping Ethereum protocol 
INFO [08-24|14:31:35.092] Ethereum protocol stopped 
INFO [08-24|14:31:35.092] Transaction pool stopped 
INFO [08-24|14:31:35.096] Database closed                          database=/Users/kurisu/develop/golang/src/github.com/ryomak/dapps-example/eth_private_net/geth/chaindata
